<?xml version="1.0" encoding="UTF-8"?>
<coverage generated="1699225442328" clover="3.2.0">
  <project timestamp="1699225442329" name="All files">
    <metrics statements="39" coveredstatements="39" conditionals="2" coveredconditionals="2" methods="6" coveredmethods="6" elements="47" coveredelements="47" complexity="0" loc="39" ncloc="39" packages="1" files="1" classes="1"/>
    <file name="myFunctions.js" path="C:\Users\xuezh\OneDrive\桌面\WeatherAirQualityWebProject\ws-air-quality-web\views\myFunctions.js">
      <metrics statements="39" coveredstatements="39" conditionals="2" coveredconditionals="2" methods="6" coveredmethods="6"/>
      <line num="3" count="1" type="stmt"/>
      <line num="6" count="1" type="stmt"/>
      <line num="7" count="1" type="stmt"/>
      <line num="8" count="1" type="stmt"/>
      <line num="9" count="1" type="stmt"/>
      <line num="12" count="1" type="stmt"/>
      <line num="13" count="1" type="stmt"/>
      <line num="15" count="1" type="stmt"/>
      <line num="17" count="1" type="stmt"/>
      <line num="18" count="1" type="stmt"/>
      <line num="20" count="1" type="stmt"/>
      <line num="68" count="1" type="stmt"/>
      <line num="69" count="1" type="stmt"/>
      <line num="70" count="1" type="stmt"/>
      <line num="72" count="1" type="stmt"/>
      <line num="73" count="1" type="stmt"/>
      <line num="75" count="1" type="stmt"/>
      <line num="79" count="1" type="stmt"/>
      <line num="80" count="1" type="stmt"/>
      <line num="81" count="1" type="stmt"/>
      <line num="83" count="1" type="stmt"/>
      <line num="84" count="1" type="stmt"/>
      <line num="86" count="1" type="stmt"/>
      <line num="92" count="1" type="stmt"/>
      <line num="93" count="1" type="stmt"/>
      <line num="95" count="1" type="stmt"/>
      <line num="105" count="1" type="stmt"/>
      <line num="113" count="1" type="stmt"/>
      <line num="114" count="1" type="stmt"/>
      <line num="116" count="1" type="cond" truecount="2" falsecount="0"/>
      <line num="121" count="1" type="stmt"/>
      <line num="122" count="1" type="stmt"/>
      <line num="124" count="1" type="stmt"/>
      <line num="134" count="1" type="stmt"/>
      <line num="142" count="1" type="stmt"/>
      <line num="146" count="1" type="stmt"/>
      <line num="147" count="1" type="stmt"/>
      <line num="150" count="2" type="stmt"/>
      <line num="156" count="1" type="stmt"/>
    </file>
  </project>
</coverage>
