{"C:\\Users\\xuezh\\OneDrive\\桌面\\WeatherAirQualityWebProject\\ws-air-quality-web\\views\\myFunctions.js": {"path":"C:\\Users\\xuezh\\OneDrive\\桌面\\WeatherAirQualityWebProject\\ws-air-quality-web\\views\\myFunctions.js","statementMap":{"0":{"start":{"line":3,"column":22},"end":{"line":3,"column":26}},"1":{"start":{"line":6,"column":18},"end":{"line":6,"column":40}},"2":{"start":{"line":7,"column":18},"end":{"line":7,"column":40}},"3":{"start":{"line":8,"column":18},"end":{"line":8,"column":40}},"4":{"start":{"line":9,"column":18},"end":{"line":9,"column":40}},"5":{"start":{"line":12,"column":19},"end":{"line":12,"column":36}},"6":{"start":{"line":13,"column":19},"end":{"line":13,"column":36}},"7":{"start":{"line":15,"column":4},"end":{"line":16,"column":71}},"8":{"start":{"line":17,"column":12},"end":{"line":17,"column":58}},"9":{"start":{"line":18,"column":19},"end":{"line":18,"column":34}},"10":{"start":{"line":20,"column":2},"end":{"line":20,"column":18}},"11":{"start":{"line":68,"column":24},"end":{"line":68,"column":58}},"12":{"start":{"line":69,"column":24},"end":{"line":69,"column":73}},"13":{"start":{"line":70,"column":18},"end":{"line":70,"column":32}},"14":{"start":{"line":72,"column":26},"end":{"line":72,"column":145}},"15":{"start":{"line":73,"column":22},"end":{"line":73,"column":50}},"16":{"start":{"line":75,"column":2},"end":{"line":75,"column":34}},"17":{"start":{"line":79,"column":24},"end":{"line":79,"column":58}},"18":{"start":{"line":80,"column":24},"end":{"line":80,"column":73}},"19":{"start":{"line":81,"column":18},"end":{"line":81,"column":32}},"20":{"start":{"line":83,"column":26},"end":{"line":83,"column":145}},"21":{"start":{"line":84,"column":22},"end":{"line":84,"column":50}},"22":{"start":{"line":86,"column":2},"end":{"line":86,"column":45}},"23":{"start":{"line":92,"column":17},"end":{"line":92,"column":58}},"24":{"start":{"line":93,"column":17},"end":{"line":93,"column":80}},"25":{"start":{"line":95,"column":22},"end":{"line":103,"column":3}},"26":{"start":{"line":105,"column":25},"end":{"line":111,"column":3}},"27":{"start":{"line":113,"column":23},"end":{"line":113,"column":77}},"28":{"start":{"line":114,"column":19},"end":{"line":114,"column":44}},"29":{"start":{"line":116,"column":2},"end":{"line":116,"column":33}},"30":{"start":{"line":121,"column":21},"end":{"line":121,"column":62}},"31":{"start":{"line":122,"column":21},"end":{"line":122,"column":84}},"32":{"start":{"line":124,"column":26},"end":{"line":132,"column":7}},"33":{"start":{"line":134,"column":29},"end":{"line":140,"column":7}},"34":{"start":{"line":142,"column":23},"end":{"line":142,"column":77}},"35":{"start":{"line":146,"column":19},"end":{"line":146,"column":40}},"36":{"start":{"line":147,"column":6},"end":{"line":147,"column":42}},"37":{"start":{"line":150,"column":23},"end":{"line":150,"column":74}},"38":{"start":{"line":150,"column":50},"end":{"line":150,"column":73}},"39":{"start":{"line":156,"column":0},"end":{"line":163,"column":3}}},"fnMap":{"0":{"name":"calculateDistance","decl":{"start":{"line":1,"column":9},"end":{"line":1,"column":26}},"loc":{"start":{"line":1,"column":51},"end":{"line":21,"column":1}},"line":1},"1":{"name":"getTemperatureFromAPI","decl":{"start":{"line":67,"column":15},"end":{"line":67,"column":36}},"loc":{"start":{"line":67,"column":58},"end":{"line":76,"column":1}},"line":67},"2":{"name":"getWeatherConditionFromAPI","decl":{"start":{"line":78,"column":15},"end":{"line":78,"column":41}},"loc":{"start":{"line":78,"column":63},"end":{"line":87,"column":1}},"line":78},"3":{"name":"getAQHICategoryFromAPI","decl":{"start":{"line":91,"column":15},"end":{"line":91,"column":37}},"loc":{"start":{"line":91,"column":59},"end":{"line":117,"column":1}},"line":91},"4":{"name":"getAQIFromAPI","decl":{"start":{"line":119,"column":15},"end":{"line":119,"column":28}},"loc":{"start":{"line":119,"column":50},"end":{"line":153,"column":1}},"line":119},"5":{"name":"(anonymous_5)","decl":{"start":{"line":150,"column":41},"end":{"line":150,"column":42}},"loc":{"start":{"line":150,"column":50},"end":{"line":150,"column":73}},"line":150}},"branchMap":{"0":{"loc":{"start":{"line":116,"column":9},"end":{"line":116,"column":32}},"type":"binary-expr","locations":[{"start":{"line":116,"column":9},"end":{"line":116,"column":26}},{"start":{"line":116,"column":30},"end":{"line":116,"column":32}}],"line":116}},"s":{"0":1,"1":1,"2":1,"3":1,"4":1,"5":1,"6":1,"7":1,"8":1,"9":1,"10":1,"11":1,"12":1,"13":1,"14":1,"15":1,"16":1,"17":1,"18":1,"19":1,"20":1,"21":1,"22":1,"23":1,"24":1,"25":1,"26":1,"27":1,"28":1,"29":1,"30":1,"31":1,"32":1,"33":1,"34":1,"35":1,"36":1,"37":1,"38":2,"39":1},"f":{"0":1,"1":1,"2":1,"3":1,"4":1,"5":2},"b":{"0":[1,1]},"_coverageSchema":"1a1c01bbd47fc00a2c39e90264f33305004495a9","hash":"182dca8896b21bb9ee8e3bc414f1b2cb8241ec5d"}
}
