TN:
SF:views\myFunctions.js
FN:1,calculateDistance
FN:67,getTemperatureFromAPI
FN:78,getWeatherConditionFromAPI
FN:91,getAQHICategoryFromAPI
FN:119,getAQIFromAPI
FN:150,(anonymous_5)
FNF:6
FNH:6
FNDA:1,calculateDistance
FNDA:1,getTemperatureFromAPI
FNDA:1,getWeatherConditionFromAPI
FNDA:1,getAQHICategoryFromAPI
FNDA:1,getAQIFromAPI
FNDA:2,(anonymous_5)
DA:3,1
DA:6,1
DA:7,1
DA:8,1
DA:9,1
DA:12,1
DA:13,1
DA:15,1
DA:17,1
DA:18,1
DA:20,1
DA:68,1
DA:69,1
DA:70,1
DA:72,1
DA:73,1
DA:75,1
DA:79,1
DA:80,1
DA:81,1
DA:83,1
DA:84,1
DA:86,1
DA:92,1
DA:93,1
DA:95,1
DA:105,1
DA:113,1
DA:114,1
DA:116,1
DA:121,1
DA:122,1
DA:124,1
DA:134,1
DA:142,1
DA:146,1
DA:147,1
DA:150,2
DA:156,1
LF:39
LH:39
BRDA:116,0,0,1
BRDA:116,0,1,1
BRF:2
BRH:2
end_of_record
